# JRE version: Java(TM) SE Runtime Environment (16.0.2+7) (build 16.0.2+7-67)
# Java VM: Java HotSpot(TM) 64-Bit Server VM (16.0.2+7-67, mixed mode, sharing, tiered, compressed oops, compressed class ptrs, parallel gc, windows-amd64)
GC Precious Log:
 CPUs: 8 total, 8 available
 Memory: 30647M
 Large Page Support: Disabled
 NUMA Support: Disabled
 Compressed Oops: Enabled (32-bit)
 Alignments: Space 512K, Generation 512K, Heap 2M
 Heap Min Capacity: 100M
 Heap Initial Capacity: 100M
 Heap Max Capacity: 1G
 Pre-touch: Disabled
 Parallel Workers: 8
Heap:
 PSYoungGen      total 1536K, used 682K [0x00000000eab00000, 0x00000000eae80000, 0x0000000100000000)
  eden space 1024K, 47% used [0x00000000eab00000,0x00000000eab7ab78,0x00000000eac00000)
  from space 512K, 37% used [0x00000000eae00000,0x00000000eae30000,0x00000000eae80000)
  to   space 512K, 0% used [0x00000000ead80000,0x00000000ead80000,0x00000000eae00000)
 ParOldGen       total 282624K, used 238446K [0x00000000c0000000, 0x00000000d1400000, 0x00000000eab00000)
  object space 282624K, 84% used [0x00000000c0000000,0x00000000ce8dbbe8,0x00000000d1400000)
 Metaspace       used 78192K, committed 79232K, reserved 1122304K
  class space    used 7414K, committed 7872K, reserved 1048576K
GC Heap History (20 events):
Event: 1944.917 GC heap before
{Heap before GC invocations=2999 (full 38):
 PSYoungGen      total 2048K, used 2029K [0x00000000eab00000, 0x00000000eaf00000, 0x0000000100000000)
  eden space 1536K, 100% used [0x00000000eab00000,0x00000000eac80000,0x00000000eac80000)
  from space 512K, 96% used [0x00000000eae80000,0x00000000eaefb440,0x00000000eaf00000)
  to   space 512K, 0% used [0x00000000eae00000,0x00000000eae00000,0x00000000eae80000)
 ParOldGen       total 282624K, used 229834K [0x00000000c0000000, 0x00000000d1400000, 0x00000000eab00000)
  object space 282624K, 81% used [0x00000000c0000000,0x00000000ce0729c0,0x00000000d1400000)
 Metaspace       used 78186K, committed 79232K, reserved 1122304K
  class space    used 7414K, committed 7872K, reserved 1048576K
}
Event: 1944.919 GC heap after
{Heap after GC invocations=2999 (full 38):
 PSYoungGen      total 2560K, used 512K [0x00000000eab00000, 0x00000000eb200000, 0x0000000100000000)
  eden space 2048K, 0% used [0x00000000eab00000,0x00000000eab00000,0x00000000ead00000)
  from space 512K, 100% used [0x00000000eae00000,0x00000000eae80000,0x00000000eae80000)
  to   space 2560K, 0% used [0x00000000eaf80000,0x00000000eaf80000,0x00000000eb200000)
 ParOldGen       total 282624K, used 231182K [0x00000000c0000000, 0x00000000d1400000, 0x00000000eab00000)
  object space 282624K, 81% used [0x00000000c0000000,0x00000000ce1c3840,0x00000000d1400000)
 Metaspace       used 78186K, committed 79232K, reserved 1122304K
  class space    used 7414K, committed 7872K, reserved 1048576K
}
Event: 1944.924 GC heap before
{Heap before GC invocations=3000 (full 38):
 PSYoungGen      total 2560K, used 2560K [0x00000000eab00000, 0x00000000eb200000, 0x0000000100000000)
  eden space 2048K, 100% used [0x00000000eab00000,0x00000000ead00000,0x00000000ead00000)
  from space 512K, 100% used [0x00000000eae00000,0x00000000eae80000,0x00000000eae80000)
  to   space 2560K, 0% used [0x00000000eaf80000,0x00000000eaf80000,0x00000000eb200000)
 ParOldGen       total 282624K, used 231182K [0x00000000c0000000, 0x00000000d1400000, 0x00000000eab00000)
  object space 282624K, 81% used [0x00000000c0000000,0x00000000ce1c3840,0x00000000d1400000)
 Metaspace       used 78186K, committed 79232K, reserved 1122304K
  class space    used 7414K, committed 7872K, reserved 1048576K
}
Event: 1944.926 GC heap after
{Heap after GC invocations=3000 (full 38):
 PSYoungGen      total 4096K, used 1248K [0x00000000eab00000, 0x00000000eb100000, 0x0000000100000000)
  eden space 2560K, 0% used [0x00000000eab00000,0x00000000eab00000,0x00000000ead80000)
  from space 1536K, 81% used [0x00000000eaf80000,0x00000000eb0b8000,0x00000000eb100000)
  to   space 1536K, 0% used [0x00000000eae00000,0x00000000eae00000,0x00000000eaf80000)
 ParOldGen       total 282624K, used 231734K [0x00000000c0000000, 0x00000000d1400000, 0x00000000eab00000)
  object space 282624K, 81% used [0x00000000c0000000,0x00000000ce24d840,0x00000000d1400000)
 Metaspace       used 78186K, committed 79232K, reserved 1122304K
  class space    used 7414K, committed 7872K, reserved 1048576K
}
Event: 1946.595 GC heap before
{Heap before GC invocations=3001 (full 38):
 PSYoungGen      total 4096K, used 3808K [0x00000000eab00000, 0x00000000eb100000, 0x0000000100000000)
  eden space 2560K, 100% used [0x00000000eab00000,0x00000000ead80000,0x00000000ead80000)
  from space 1536K, 81% used [0x00000000eaf80000,0x00000000eb0b8000,0x00000000eb100000)
  to   space 1536K, 0% used [0x00000000eae00000,0x00000000eae00000,0x00000000eaf80000)
 ParOldGen       total 282624K, used 233490K [0x00000000c0000000, 0x00000000d1400000, 0x00000000eab00000)
  object space 282624K, 82% used [0x00000000c0000000,0x00000000ce4048c8,0x00000000d1400000)
 Metaspace       used 78188K, committed 79232K, reserved 1122304K
  class space    used 7414K, committed 7872K, reserved 1048576K
}
Event: 1946.597 GC heap after
{Heap after GC invocations=3001 (full 38):
 PSYoungGen      total 3072K, used 192K [0x00000000eab00000, 0x00000000eb000000, 0x0000000100000000)
  eden space 2560K, 0% used [0x00000000eab00000,0x00000000eab00000,0x00000000ead80000)
  from space 512K, 37% used [0x00000000eae00000,0x00000000eae30000,0x00000000eae80000)
  to   space 1024K, 0% used [0x00000000eaf00000,0x00000000eaf00000,0x00000000eb000000)
 ParOldGen       total 282624K, used 234680K [0x00000000c0000000, 0x00000000d1400000, 0x00000000eab00000)
  object space 282624K, 83% used [0x00000000c0000000,0x00000000ce52e308,0x00000000d1400000)
 Metaspace       used 78188K, committed 79232K, reserved 1122304K
  class space    used 7414K, committed 7872K, reserved 1048576K
}
Event: 1947.917 GC heap before
{Heap before GC invocations=3002 (full 38):
 PSYoungGen      total 3072K, used 2752K [0x00000000eab00000, 0x00000000eb000000, 0x0000000100000000)
  eden space 2560K, 100% used [0x00000000eab00000,0x00000000ead80000,0x00000000ead80000)
  from space 512K, 37% used [0x00000000eae00000,0x00000000eae30000,0x00000000eae80000)
  to   space 1024K, 0% used [0x00000000eaf00000,0x00000000eaf00000,0x00000000eb000000)
 ParOldGen       total 282624K, used 234680K [0x00000000c0000000, 0x00000000d1400000, 0x00000000eab00000)
  object space 282624K, 83% used [0x00000000c0000000,0x00000000ce52e308,0x00000000d1400000)
 Metaspace       used 78192K, committed 79232K, reserved 1122304K
  class space    used 7414K, committed 7872K, reserved 1048576K
}
Event: 1947.919 GC heap after
{Heap after GC invocations=3002 (full 38):
 PSYoungGen      total 3584K, used 858K [0x00000000eab00000, 0x00000000eb000000, 0x0000000100000000)
  eden space 2560K, 0% used [0x00000000eab00000,0x00000000eab00000,0x00000000ead80000)
  from space 1024K, 83% used [0x00000000eaf00000,0x00000000eafd6880,0x00000000eb000000)
  to   space 1024K, 0% used [0x00000000eae00000,0x00000000eae00000,0x00000000eaf00000)
 ParOldGen       total 282624K, used 234720K [0x00000000c0000000, 0x00000000d1400000, 0x00000000eab00000)
  object space 282624K, 83% used [0x00000000c0000000,0x00000000ce538308,0x00000000d1400000)
 Metaspace       used 78192K, committed 79232K, reserved 1122304K
  class space    used 7414K, committed 7872K, reserved 1048576K
}
Event: 1947.925 GC heap before
{Heap before GC invocations=3003 (full 38):
 PSYoungGen      total 3584K, used 3418K [0x00000000eab00000, 0x00000000eb000000, 0x0000000100000000)
  eden space 2560K, 100% used [0x00000000eab00000,0x00000000ead80000,0x00000000ead80000)
  from space 1024K, 83% used [0x00000000eaf00000,0x00000000eafd6880,0x00000000eb000000)
  to   space 1024K, 0% used [0x00000000eae00000,0x00000000eae00000,0x00000000eaf00000)
 ParOldGen       total 282624K, used 234720K [0x00000000c0000000, 0x00000000d1400000, 0x00000000eab00000)
  object space 282624K, 83% used [0x00000000c0000000,0x00000000ce538308,0x00000000d1400000)
 Metaspace       used 78192K, committed 79232K, reserved 1122304K
  class space    used 7414K, committed 7872K, reserved 1048576K
}
Event: 1947.926 GC heap after
{Heap after GC invocations=3003 (full 38):
 PSYoungGen      total 3584K, used 224K [0x00000000eab00000, 0x00000000eaf80000, 0x0000000100000000)
  eden space 2560K, 0% used [0x00000000eab00000,0x00000000eab00000,0x00000000ead80000)
  from space 1024K, 21% used [0x00000000eae00000,0x00000000eae38000,0x00000000eaf00000)
  to   space 512K, 0% used [0x00000000eaf00000,0x00000000eaf00000,0x00000000eaf80000)
 ParOldGen       total 282624K, used 234784K [0x00000000c0000000, 0x00000000d1400000, 0x00000000eab00000)
  object space 282624K, 83% used [0x00000000c0000000,0x00000000ce548308,0x00000000d1400000)
 Metaspace       used 78192K, committed 79232K, reserved 1122304K
  class space    used 7414K, committed 7872K, reserved 1048576K
}
Event: 1949.085 GC heap before
{Heap before GC invocations=3004 (full 38):
 PSYoungGen      total 3584K, used 2784K [0x00000000eab00000, 0x00000000eaf80000, 0x0000000100000000)
  eden space 2560K, 100% used [0x00000000eab00000,0x00000000ead80000,0x00000000ead80000)
  from space 1024K, 21% used [0x00000000eae00000,0x00000000eae38000,0x00000000eaf00000)
  to   space 512K, 0% used [0x00000000eaf00000,0x00000000eaf00000,0x00000000eaf80000)
 ParOldGen       total 282624K, used 234784K [0x00000000c0000000, 0x00000000d1400000, 0x00000000eab00000)
  object space 282624K, 83% used [0x00000000c0000000,0x00000000ce548308,0x00000000d1400000)
 Metaspace       used 78192K, committed 79232K, reserved 1122304K
  class space    used 7414K, committed 7872K, reserved 1048576K
}
Event: 1949.087 GC heap after
{Heap after GC invocations=3004 (full 38):
 PSYoungGen      total 3072K, used 192K [0x00000000eab00000, 0x00000000eaf80000, 0x0000000100000000)
  eden space 2560K, 0% used [0x00000000eab00000,0x00000000eab00000,0x00000000ead80000)
  from space 512K, 37% used [0x00000000eaf00000,0x00000000eaf30000,0x00000000eaf80000)
  to   space 512K, 0% used [0x00000000eae80000,0x00000000eae80000,0x00000000eaf00000)
 ParOldGen       total 282624K, used 234815K [0x00000000c0000000, 0x00000000d1400000, 0x00000000eab00000)
  object space 282624K, 83% used [0x00000000c0000000,0x00000000ce54fd48,0x00000000d1400000)
 Metaspace       used 78192K, committed 79232K, reserved 1122304K
  class space    used 7414K, committed 7872K, reserved 1048576K
}
Event: 1949.181 GC heap before
{Heap before GC invocations=3005 (full 38):
 PSYoungGen      total 3072K, used 2752K [0x00000000eab00000, 0x00000000eaf80000, 0x0000000100000000)
  eden space 2560K, 100% used [0x00000000eab00000,0x00000000ead80000,0x00000000ead80000)
  from space 512K, 37% used [0x00000000eaf00000,0x00000000eaf30000,0x00000000eaf80000)
  to   space 512K, 0% used [0x00000000eae80000,0x00000000eae80000,0x00000000eaf00000)
 ParOldGen       total 282624K, used 234815K [0x00000000c0000000, 0x00000000d1400000, 0x00000000eab00000)
  object space 282624K, 83% used [0x00000000c0000000,0x00000000ce54fd48,0x00000000d1400000)
 Metaspace       used 78192K, committed 79232K, reserved 1122304K
  class space    used 7414K, committed 7872K, reserved 1048576K
}
Event: 1949.182 GC heap after
{Heap after GC invocations=3005 (full 38):
 PSYoungGen      total 3072K, used 512K [0x00000000eab00000, 0x00000000eaf80000, 0x0000000100000000)
  eden space 2560K, 0% used [0x00000000eab00000,0x00000000eab00000,0x00000000ead80000)
  from space 512K, 100% used [0x00000000eae80000,0x00000000eaf00000,0x00000000eaf00000)
  to   space 512K, 0% used [0x00000000eaf00000,0x00000000eaf00000,0x00000000eaf80000)
 ParOldGen       total 282624K, used 234935K [0x00000000c0000000, 0x00000000d1400000, 0x00000000eab00000)
  object space 282624K, 83% used [0x00000000c0000000,0x00000000ce56dd68,0x00000000d1400000)
 Metaspace       used 78192K, committed 79232K, reserved 1122304K
  class space    used 7414K, committed 7872K, reserved 1048576K
}
Event: 1949.187 GC heap before
{Heap before GC invocations=3006 (full 38):
 PSYoungGen      total 3072K, used 3072K [0x00000000eab00000, 0x00000000eaf80000, 0x0000000100000000)
  eden space 2560K, 100% used [0x00000000eab00000,0x00000000ead80000,0x00000000ead80000)
  from space 512K, 100% used [0x00000000eae80000,0x00000000eaf00000,0x00000000eaf00000)
  to   space 512K, 0% used [0x00000000eaf00000,0x00000000eaf00000,0x00000000eaf80000)
 ParOldGen       total 282624K, used 234935K [0x00000000c0000000, 0x00000000d1400000, 0x00000000eab00000)
  object space 282624K, 83% used [0x00000000c0000000,0x00000000ce56dd68,0x00000000d1400000)
 Metaspace       used 78192K, committed 79232K, reserved 1122304K
  class space    used 7414K, committed 7872K, reserved 1048576K
}
Event: 1949.189 GC heap after
{Heap after GC invocations=3006 (full 38):
 PSYoungGen      total 1024K, used 506K [0x00000000eab00000, 0x00000000eb480000, 0x0000000100000000)
  eden space 512K, 0% used [0x00000000eab00000,0x00000000eab00000,0x00000000eab80000)
  from space 512K, 98% used [0x00000000eaf00000,0x00000000eaf7e880,0x00000000eaf80000)
  to   space 3584K, 0% used [0x00000000eab80000,0x00000000eab80000,0x00000000eaf00000)
 ParOldGen       total 282624K, used 237428K [0x00000000c0000000, 0x00000000d1400000, 0x00000000eab00000)
  object space 282624K, 84% used [0x00000000c0000000,0x00000000ce7dd368,0x00000000d1400000)
 Metaspace       used 78192K, committed 79232K, reserved 1122304K
  class space    used 7414K, committed 7872K, reserved 1048576K
}
Event: 1949.191 GC heap before
{Heap before GC invocations=3007 (full 38):
 PSYoungGen      total 1024K, used 1018K [0x00000000eab00000, 0x00000000eb480000, 0x0000000100000000)
  eden space 512K, 99% used [0x00000000eab00000,0x00000000eab7fff0,0x00000000eab80000)
  from space 512K, 98% used [0x00000000eaf00000,0x00000000eaf7e880,0x00000000eaf80000)
  to   space 3584K, 0% used [0x00000000eab80000,0x00000000eab80000,0x00000000eaf00000)
 ParOldGen       total 282624K, used 237428K [0x00000000c0000000, 0x00000000d1400000, 0x00000000eab00000)
  object space 282624K, 84% used [0x00000000c0000000,0x00000000ce7dd368,0x00000000d1400000)
 Metaspace       used 78192K, committed 79232K, reserved 1122304K
  class space    used 7414K, committed 7872K, reserved 1048576K
}
Event: 1949.192 GC heap after
{Heap after GC invocations=3007 (full 38):
 PSYoungGen      total 1024K, used 512K [0x00000000eab00000, 0x00000000eaf80000, 0x0000000100000000)
  eden space 512K, 0% used [0x00000000eab00000,0x00000000eab00000,0x00000000eab80000)
  from space 512K, 100% used [0x00000000eab80000,0x00000000eac00000,0x00000000eac00000)
  to   space 1536K, 0% used [0x00000000eae00000,0x00000000eae00000,0x00000000eaf80000)
 ParOldGen       total 282624K, used 237966K [0x00000000c0000000, 0x00000000d1400000, 0x00000000eab00000)
  object space 282624K, 84% used [0x00000000c0000000,0x00000000ce863be8,0x00000000d1400000)
 Metaspace       used 78192K, committed 79232K, reserved 1122304K
  class space    used 7414K, committed 7872K, reserved 1048576K
}
Event: 1949.194 GC heap before
{Heap before GC invocations=3008 (full 38):
 PSYoungGen      total 1024K, used 1022K [0x00000000eab00000, 0x00000000eaf80000, 0x0000000100000000)
  eden space 512K, 99% used [0x00000000eab00000,0x00000000eab7f8b0,0x00000000eab80000)
  from space 512K, 100% used [0x00000000eab80000,0x00000000eac00000,0x00000000eac00000)
  to   space 1536K, 0% used [0x00000000eae00000,0x00000000eae00000,0x00000000eaf80000)
 ParOldGen       total 282624K, used 237966K [0x00000000c0000000, 0x00000000d1400000, 0x00000000eab00000)
  object space 282624K, 84% used [0x00000000c0000000,0x00000000ce863be8,0x00000000d1400000)
 Metaspace       used 78192K, committed 79232K, reserved 1122304K
  class space    used 7414K, committed 7872K, reserved 1048576K
}
Event: 1949.195 GC heap after
{Heap after GC invocations=3008 (full 38):
 PSYoungGen      total 1536K, used 192K [0x00000000eab00000, 0x00000000eae80000, 0x0000000100000000)
  eden space 1024K, 0% used [0x00000000eab00000,0x00000000eab00000,0x00000000eac00000)
  from space 512K, 37% used [0x00000000eae00000,0x00000000eae30000,0x00000000eae80000)
  to   space 512K, 0% used [0x00000000ead80000,0x00000000ead80000,0x00000000eae00000)
 ParOldGen       total 282624K, used 238446K [0x00000000c0000000, 0x00000000d1400000, 0x00000000eab00000)
  object space 282624K, 84% used [0x00000000c0000000,0x00000000ce8dbbe8,0x00000000d1400000)
 Metaspace       used 78192K, committed 79232K, reserved 1122304K
  class space    used 7414K, committed 7872K, reserved 1048576K
}

